<?xml version="1.0" encoding="UTF-8"?>
<!-- Generated by org.testng.reporters.JUnitReportReporter -->
<testsuite skipped="0" hostname="DESKTOP-0HC5TIM" name="com.automation.web.SwagLab" tests="1" failures="0" timestamp="2023-05-26T22:50:41 IST" time="69.017" errors="0">
  <testcase name="SwagLabDemo" time="69.017" classname="com.automation.web.SwagLab"/>
  <system-out/>
</testsuite> <!-- com.automation.web.SwagLab -->
